# JRE version: OpenJDK Runtime Environment Temurin-21.0.7+6 (21.0.7+6) (build 21.0.7+6-LTS)
# Java VM: OpenJDK 64-Bit Server VM Temurin-21.0.7+6 (21.0.7+6-LTS, mixed mode, emulated-client, sharing, tiered, compressed oops, compressed class ptrs, g1 gc, windows-amd64)
GC Precious Log:
 CardTable entry size: 512
 Card Set container configuration: InlinePtr #cards 4 size 8 Array Of Cards #cards 16 size 48 Howl #buckets 8 coarsen threshold 3686 Howl Bitmap #cards 512 size 80 coarsen threshold 460 Card regions per heap region 1 cards per card region 4096
 CPUs: 12 total, 12 available
 Memory: 16211M
 Large Page Support: Disabled
 NUMA Support: Disabled
 Compressed Oops: Enabled (Zero based)
 Heap Region Size: 2M
 Heap Min Capacity: 8M
 Heap Initial Capacity: 254M
 Heap Max Capacity: 4054M
 Pre-touch: Disabled
 Parallel Workers: 10
 Concurrent Workers: 3
 Concurrent Refinement Workers: 10
 Periodic GC: Disabled
Heap:
 garbage-first heap   total 83968K, used 64948K [0x0000000702a00000, 0x0000000800000000)
  region size 2048K, 19 young (38912K), 2 survivors (4096K)
 Metaspace       used 79827K, committed 81024K, reserved 1179648K
  class space    used 10394K, committed 11008K, reserved 1048576K
GC Heap History (20 events):
Event: 2084.447 GC heap before
{Heap before GC invocations=103 (full 33):
 garbage-first heap   total 83968K, used 66308K [0x0000000702a00000, 0x0000000800000000)
  region size 2048K, 19 young (38912K), 0 survivors (0K)
 Metaspace       used 78716K, committed 79872K, reserved 1179648K
  class space    used 10290K, committed 10880K, reserved 1048576K
}
Event: 2084.448 GC heap after
{Heap after GC invocations=104 (full 33):
 garbage-first heap   total 83968K, used 33611K [0x0000000702a00000, 0x0000000800000000)
  region size 2048K, 3 young (6144K), 3 survivors (6144K)
 Metaspace       used 78716K, committed 79872K, reserved 1179648K
  class space    used 10290K, committed 10880K, reserved 1048576K
}
Event: 2084.688 GC heap before
{Heap before GC invocations=104 (full 33):
 garbage-first heap   total 83968K, used 62283K [0x0000000702a00000, 0x0000000800000000)
  region size 2048K, 18 young (36864K), 3 survivors (6144K)
 Metaspace       used 78901K, committed 80128K, reserved 1179648K
  class space    used 10301K, committed 10944K, reserved 1048576K
}
Event: 2084.690 GC heap after
{Heap after GC invocations=105 (full 33):
 garbage-first heap   total 83968K, used 34267K [0x0000000702a00000, 0x0000000800000000)
  region size 2048K, 1 young (2048K), 1 survivors (2048K)
 Metaspace       used 78901K, committed 80128K, reserved 1179648K
  class space    used 10301K, committed 10944K, reserved 1048576K
}
Event: 2088.084 GC heap before
{Heap before GC invocations=105 (full 33):
 garbage-first heap   total 83968K, used 36315K [0x0000000702a00000, 0x0000000800000000)
  region size 2048K, 3 young (6144K), 1 survivors (2048K)
 Metaspace       used 78905K, committed 80128K, reserved 1179648K
  class space    used 10302K, committed 10944K, reserved 1048576K
}
Event: 2088.117 GC heap after
{Heap after GC invocations=106 (full 34):
 garbage-first heap   total 83968K, used 29632K [0x0000000702a00000, 0x0000000800000000)
  region size 2048K, 0 young (0K), 0 survivors (0K)
 Metaspace       used 78899K, committed 80128K, reserved 1179648K
  class space    used 10301K, committed 10944K, reserved 1048576K
}
Event: 2088.452 GC heap before
{Heap before GC invocations=106 (full 34):
 garbage-first heap   total 83968K, used 68544K [0x0000000702a00000, 0x0000000800000000)
  region size 2048K, 19 young (38912K), 0 survivors (0K)
 Metaspace       used 78943K, committed 80128K, reserved 1179648K
  class space    used 10313K, committed 10944K, reserved 1048576K
}
Event: 2088.454 GC heap after
{Heap after GC invocations=107 (full 34):
 garbage-first heap   total 83968K, used 33723K [0x0000000702a00000, 0x0000000800000000)
  region size 2048K, 2 young (4096K), 2 survivors (4096K)
 Metaspace       used 78943K, committed 80128K, reserved 1179648K
  class space    used 10313K, committed 10944K, reserved 1048576K
}
Event: 2092.105 GC heap before
{Heap before GC invocations=107 (full 34):
 garbage-first heap   total 83968K, used 66491K [0x0000000702a00000, 0x0000000800000000)
  region size 2048K, 19 young (38912K), 2 survivors (4096K)
 Metaspace       used 79134K, committed 80320K, reserved 1179648K
  class space    used 10326K, committed 10944K, reserved 1048576K
}
Event: 2092.137 GC heap after
{Heap after GC invocations=108 (full 35):
 garbage-first heap   total 83968K, used 29839K [0x0000000702a00000, 0x0000000800000000)
  region size 2048K, 0 young (0K), 0 survivors (0K)
 Metaspace       used 79128K, committed 80320K, reserved 1179648K
  class space    used 10324K, committed 10944K, reserved 1048576K
}
Event: 2092.473 GC heap before
{Heap before GC invocations=108 (full 35):
 garbage-first heap   total 83968K, used 68751K [0x0000000702a00000, 0x0000000800000000)
  region size 2048K, 19 young (38912K), 0 survivors (0K)
 Metaspace       used 79173K, committed 80384K, reserved 1179648K
  class space    used 10336K, committed 10944K, reserved 1048576K
}
Event: 2092.474 GC heap after
{Heap after GC invocations=109 (full 35):
 garbage-first heap   total 83968K, used 33866K [0x0000000702a00000, 0x0000000800000000)
  region size 2048K, 2 young (4096K), 2 survivors (4096K)
 Metaspace       used 79173K, committed 80384K, reserved 1179648K
  class space    used 10336K, committed 10944K, reserved 1048576K
}
Event: 2110.459 GC heap before
{Heap before GC invocations=109 (full 35):
 garbage-first heap   total 83968K, used 66634K [0x0000000702a00000, 0x0000000800000000)
  region size 2048K, 19 young (38912K), 2 survivors (4096K)
 Metaspace       used 79371K, committed 80576K, reserved 1179648K
  class space    used 10350K, committed 10944K, reserved 1048576K
}
Event: 2110.493 GC heap after
{Heap after GC invocations=110 (full 36):
 garbage-first heap   total 83968K, used 30065K [0x0000000702a00000, 0x0000000800000000)
  region size 2048K, 0 young (0K), 0 survivors (0K)
 Metaspace       used 79364K, committed 80576K, reserved 1179648K
  class space    used 10349K, committed 10944K, reserved 1048576K
}
Event: 2110.834 GC heap before
{Heap before GC invocations=110 (full 36):
 garbage-first heap   total 83968K, used 66929K [0x0000000702a00000, 0x0000000800000000)
  region size 2048K, 19 young (38912K), 0 survivors (0K)
 Metaspace       used 79407K, committed 80576K, reserved 1179648K
  class space    used 10358K, committed 10944K, reserved 1048576K
}
Event: 2110.836 GC heap after
{Heap after GC invocations=111 (full 36):
 garbage-first heap   total 83968K, used 34069K [0x0000000702a00000, 0x0000000800000000)
  region size 2048K, 2 young (4096K), 2 survivors (4096K)
 Metaspace       used 79407K, committed 80576K, reserved 1179648K
  class space    used 10358K, committed 10944K, reserved 1048576K
}
Event: 2113.465 GC heap before
{Heap before GC invocations=111 (full 36):
 garbage-first heap   total 83968K, used 64789K [0x0000000702a00000, 0x0000000800000000)
  region size 2048K, 19 young (38912K), 2 survivors (4096K)
 Metaspace       used 79594K, committed 80832K, reserved 1179648K
  class space    used 10371K, committed 11008K, reserved 1048576K
}
Event: 2113.495 GC heap after
{Heap after GC invocations=112 (full 37):
 garbage-first heap   total 83968K, used 30132K [0x0000000702a00000, 0x0000000800000000)
  region size 2048K, 0 young (0K), 0 survivors (0K)
 Metaspace       used 79588K, committed 80832K, reserved 1179648K
  class space    used 10370K, committed 11008K, reserved 1048576K
}
Event: 2113.824 GC heap before
{Heap before GC invocations=112 (full 37):
 garbage-first heap   total 83968K, used 66996K [0x0000000702a00000, 0x0000000800000000)
  region size 2048K, 19 young (38912K), 0 survivors (0K)
 Metaspace       used 79631K, committed 80832K, reserved 1179648K
  class space    used 10380K, committed 11008K, reserved 1048576K
}
Event: 2113.826 GC heap after
{Heap after GC invocations=113 (full 37):
 garbage-first heap   total 83968K, used 34228K [0x0000000702a00000, 0x0000000800000000)
  region size 2048K, 2 young (4096K), 2 survivors (4096K)
 Metaspace       used 79631K, committed 80832K, reserved 1179648K
  class space    used 10380K, committed 11008K, reserved 1048576K
}

