# JRE version: OpenJDK Runtime Environment Temurin-21.0.7+6 (21.0.7+6) (build 21.0.7+6-LTS)
# Java VM: OpenJDK 64-Bit Server VM Temurin-21.0.7+6 (21.0.7+6-LTS, mixed mode, emulated-client, sharing, tiered, compressed oops, compressed class ptrs, g1 gc, windows-amd64)
GC Precious Log:
 CardTable entry size: 512
 Card Set container configuration: InlinePtr #cards 4 size 8 Array Of Cards #cards 16 size 48 Howl #buckets 8 coarsen threshold 3686 Howl Bitmap #cards 512 size 80 coarsen threshold 460 Card regions per heap region 1 cards per card region 4096
 CPUs: 12 total, 12 available
 Memory: 16211M
 Large Page Support: Disabled
 NUMA Support: Disabled
 Compressed Oops: Enabled (Zero based)
 Heap Region Size: 2M
 Heap Min Capacity: 8M
 Heap Initial Capacity: 254M
 Heap Max Capacity: 4054M
 Pre-touch: Disabled
 Parallel Workers: 10
 Concurrent Workers: 3
 Concurrent Refinement Workers: 10
 Periodic GC: Disabled
Heap:
 garbage-first heap   total 96256K, used 76683K [0x0000000702a00000, 0x0000000800000000)
  region size 2048K, 24 young (49152K), 3 survivors (6144K)
 Metaspace       used 76406K, committed 77760K, reserved 1179648K
  class space    used 10153K, committed 10816K, reserved 1048576K
GC Heap History (20 events):
Event: 55921.213 GC heap before
{Heap before GC invocations=350 (full 70):
 garbage-first heap   total 96256K, used 52038K [0x0000000702a00000, 0x0000000800000000)
  region size 2048K, 13 young (26624K), 3 survivors (6144K)
 Metaspace       used 75209K, committed 76544K, reserved 1179648K
  class space    used 10019K, committed 10688K, reserved 1048576K
}
Event: 55921.246 GC heap after
{Heap after GC invocations=351 (full 71):
 garbage-first heap   total 96256K, used 29360K [0x0000000702a00000, 0x0000000800000000)
  region size 2048K, 0 young (0K), 0 survivors (0K)
 Metaspace       used 75203K, committed 76544K, reserved 1179648K
  class space    used 10018K, committed 10688K, reserved 1048576K
}
Event: 55921.611 GC heap before
{Heap before GC invocations=351 (full 71):
 garbage-first heap   total 96256K, used 76464K [0x0000000702a00000, 0x0000000800000000)
  region size 2048K, 24 young (49152K), 0 survivors (0K)
 Metaspace       used 75305K, committed 76608K, reserved 1179648K
  class space    used 10033K, committed 10688K, reserved 1048576K
}
Event: 55921.613 GC heap after
{Heap after GC invocations=352 (full 71):
 garbage-first heap   total 96256K, used 33700K [0x0000000702a00000, 0x0000000800000000)
  region size 2048K, 3 young (6144K), 3 survivors (6144K)
 Metaspace       used 75305K, committed 76608K, reserved 1179648K
  class space    used 10033K, committed 10688K, reserved 1048576K
}
Event: 55942.613 GC heap before
{Heap before GC invocations=353 (full 71):
 garbage-first heap   total 96256K, used 54180K [0x0000000702a00000, 0x0000000800000000)
  region size 2048K, 14 young (28672K), 3 survivors (6144K)
 Metaspace       used 75411K, committed 76736K, reserved 1179648K
  class space    used 10038K, committed 10688K, reserved 1048576K
}
Event: 55942.649 GC heap after
{Heap after GC invocations=354 (full 72):
 garbage-first heap   total 96256K, used 29558K [0x0000000702a00000, 0x0000000800000000)
  region size 2048K, 0 young (0K), 0 survivors (0K)
 Metaspace       used 75404K, committed 76736K, reserved 1179648K
  class space    used 10037K, committed 10688K, reserved 1048576K
}
Event: 55943.053 GC heap before
{Heap before GC invocations=354 (full 72):
 garbage-first heap   total 96256K, used 80758K [0x0000000702a00000, 0x0000000800000000)
  region size 2048K, 25 young (51200K), 0 survivors (0K)
 Metaspace       used 75532K, committed 76800K, reserved 1179648K
  class space    used 10054K, committed 10688K, reserved 1048576K
}
Event: 55943.055 GC heap after
{Heap after GC invocations=355 (full 72):
 garbage-first heap   total 96256K, used 34128K [0x0000000702a00000, 0x0000000800000000)
  region size 2048K, 3 young (6144K), 3 survivors (6144K)
 Metaspace       used 75532K, committed 76800K, reserved 1179648K
  class space    used 10054K, committed 10688K, reserved 1048576K
}
Event: 56025.480 GC heap before
{Heap before GC invocations=356 (full 72):
 garbage-first heap   total 96256K, used 62800K [0x0000000702a00000, 0x0000000800000000)
  region size 2048K, 18 young (36864K), 3 survivors (6144K)
 Metaspace       used 75687K, committed 76992K, reserved 1179648K
  class space    used 10077K, committed 10688K, reserved 1048576K
}
Event: 56025.520 GC heap after
{Heap after GC invocations=357 (full 73):
 garbage-first heap   total 96256K, used 31416K [0x0000000702a00000, 0x0000000800000000)
  region size 2048K, 0 young (0K), 0 survivors (0K)
 Metaspace       used 75681K, committed 76992K, reserved 1179648K
  class space    used 10076K, committed 10688K, reserved 1048576K
}
Event: 56025.945 GC heap before
{Heap before GC invocations=357 (full 73):
 garbage-first heap   total 96256K, used 76472K [0x0000000702a00000, 0x0000000800000000)
  region size 2048K, 23 young (47104K), 0 survivors (0K)
 Metaspace       used 75759K, committed 77120K, reserved 1179648K
  class space    used 10087K, committed 10752K, reserved 1048576K
}
Event: 56025.947 GC heap after
{Heap after GC invocations=358 (full 73):
 garbage-first heap   total 96256K, used 35837K [0x0000000702a00000, 0x0000000800000000)
  region size 2048K, 3 young (6144K), 3 survivors (6144K)
 Metaspace       used 75759K, committed 77120K, reserved 1179648K
  class space    used 10087K, committed 10752K, reserved 1048576K
}
Event: 56051.922 GC heap before
{Heap before GC invocations=359 (full 73):
 garbage-first heap   total 96256K, used 64509K [0x0000000702a00000, 0x0000000800000000)
  region size 2048K, 18 young (36864K), 3 survivors (6144K)
 Metaspace       used 75940K, committed 77312K, reserved 1179648K
  class space    used 10104K, committed 10752K, reserved 1048576K
}
Event: 56051.961 GC heap after
{Heap after GC invocations=360 (full 74):
 garbage-first heap   total 96256K, used 31273K [0x0000000702a00000, 0x0000000800000000)
  region size 2048K, 0 young (0K), 0 survivors (0K)
 Metaspace       used 75896K, committed 77312K, reserved 1179648K
  class space    used 10092K, committed 10752K, reserved 1048576K
}
Event: 56052.418 GC heap before
{Heap before GC invocations=360 (full 74):
 garbage-first heap   total 96256K, used 80425K [0x0000000702a00000, 0x0000000800000000)
  region size 2048K, 25 young (51200K), 0 survivors (0K)
 Metaspace       used 76022K, committed 77376K, reserved 1179648K
  class space    used 10108K, committed 10752K, reserved 1048576K
}
Event: 56052.420 GC heap after
{Heap after GC invocations=361 (full 74):
 garbage-first heap   total 96256K, used 35767K [0x0000000702a00000, 0x0000000800000000)
  region size 2048K, 3 young (6144K), 3 survivors (6144K)
 Metaspace       used 76022K, committed 77376K, reserved 1179648K
  class space    used 10108K, committed 10752K, reserved 1048576K
}
Event: 56079.548 GC heap before
{Heap before GC invocations=362 (full 74):
 garbage-first heap   total 96256K, used 58295K [0x0000000702a00000, 0x0000000800000000)
  region size 2048K, 15 young (30720K), 3 survivors (6144K)
 Metaspace       used 76104K, committed 77440K, reserved 1179648K
  class space    used 10113K, committed 10752K, reserved 1048576K
}
Event: 56079.590 GC heap after
{Heap after GC invocations=363 (full 75):
 garbage-first heap   total 96256K, used 31465K [0x0000000702a00000, 0x0000000800000000)
  region size 2048K, 0 young (0K), 0 survivors (0K)
 Metaspace       used 76098K, committed 77440K, reserved 1179648K
  class space    used 10112K, committed 10752K, reserved 1048576K
}
Event: 56080.000 GC heap before
{Heap before GC invocations=363 (full 75):
 garbage-first heap   total 96256K, used 78569K [0x0000000702a00000, 0x0000000800000000)
  region size 2048K, 24 young (49152K), 0 survivors (0K)
 Metaspace       used 76199K, committed 77504K, reserved 1179648K
  class space    used 10125K, committed 10752K, reserved 1048576K
}
Event: 56080.002 GC heap after
{Heap after GC invocations=364 (full 75):
 garbage-first heap   total 96256K, used 35723K [0x0000000702a00000, 0x0000000800000000)
  region size 2048K, 3 young (6144K), 3 survivors (6144K)
 Metaspace       used 76199K, committed 77504K, reserved 1179648K
  class space    used 10125K, committed 10752K, reserved 1048576K
}

